<?xml version="1.0" encoding="UTF-8"?>
<testsuite name="com.stackqueue.MyQueueTest" tests="1" skipped="0" failures="0" errors="0" timestamp="2021-04-29T18:30:25" hostname="DESKTOP-DCC7S3K" time="0.047">
  <properties/>
  <testcase name="givenInput_ShouldBeAppendedLast()" classname="com.stackqueue.MyQueueTest" time="0.047"/>
  <system-out><![CDATA[]]></system-out>
  <system-err><![CDATA[]]></system-err>
</testsuite>
