<?xml version="1.0" encoding="UTF-8"?>
<testsuite name="com.stackqueue.MyQueueTest" tests="1" skipped="0" failures="0" errors="0" timestamp="2021-04-29T18:48:28" hostname="DESKTOP-DCC7S3K" time="0.08">
  <properties/>
  <testcase name="givenInput_TailShouldBeMovedBackOneNode()" classname="com.stackqueue.MyQueueTest" time="0.08"/>
  <system-out><![CDATA[]]></system-out>
  <system-err><![CDATA[]]></system-err>
</testsuite>
